<?xml version="1.0" encoding="UTF-8"?>
<!-- Generated by org.testng.reporters.JUnitXMLReporter -->
<testsuite ignored="8" hostname="exa-2023-12-14" failures="0" tests="6" name="Test" time="2.7" errors="0" timestamp="2024-02-05T11:53:07 IST">
  <testcase classname="demoVTest.genric.baseclass" name="@BeforeClass login" time="0.017">
    <failure type="org.openqa.selenium.NoSuchElementException" message="no such element: Unable to locate element: {&amp;quot;method&amp;quot;:&amp;quot;xpath&amp;quot;,&amp;quot;selector&amp;quot;:&amp;quot;//input[@name=&amp;apos;mobile&amp;apos;]&amp;quot;}
  (Session info: chrome=121.0.6167.87)
For documentation on this error, please visit: https://www.selenium.dev/documentation/webdriver/troubleshooting/errors#no-such-element-exception
Build info: version: &amp;apos;4.17.0&amp;apos;, revision: &amp;apos;e52b1be057*&amp;apos;
System info: os.name: &amp;apos;Windows 11&amp;apos;, os.arch: &amp;apos;amd64&amp;apos;, os.version: &amp;apos;10.0&amp;apos;, java.version: &amp;apos;17.0.9&amp;apos;
Driver info: org.openqa.selenium.chrome.ChromeDriver
Command: [06173b121a6f478523e7a06d9cbb22ac, findElement {using=xpath, value=//input[@name=&amp;apos;mobile&amp;apos;]}]
Capabilities {acceptInsecureCerts: false, browserName: chrome, browserVersion: 121.0.6167.87, chrome: {chromedriverVersion: 121.0.6167.85 (3f98d690ad7e..., userDataDir: C:\chrome-profile-bn}, fedcm:accounts: true, goog:chromeOptions: {debuggerAddress: localhost:9223}, networkConnectionEnabled: false, pageLoadStrategy: normal, platformName: windows, proxy: Proxy(), se:cdp: ws://localhost:9223/devtool..., se:cdpVersion: 121.0.6167.87, setWindowRect: true, strictFileInteractability: false, timeouts: {implicit: 0, pageLoad: 300000, script: 30000}, unhandledPromptBehavior: dismiss and notify, webauthn:extension:credBlob: true, webauthn:extension:largeBlob: true, webauthn:extension:minPinLength: true, webauthn:extension:prf: true, webauthn:virtualAuthenticators: true}
Session ID: 06173b121a6f478523e7a06d9cbb22ac">
      <![CDATA[org.openqa.selenium.NoSuchElementException: no such element: Unable to locate element: {"method":"xpath","selector":"//input[@name='mobile']"}
  (Session info: chrome=121.0.6167.87)
For documentation on this error, please visit: https://www.selenium.dev/documentation/webdriver/troubleshooting/errors#no-such-element-exception
Build info: version: '4.17.0', revision: 'e52b1be057*'
System info: os.name: 'Windows 11', os.arch: 'amd64', os.version: '10.0', java.version: '17.0.9'
Driver info: org.openqa.selenium.chrome.ChromeDriver
Command: [06173b121a6f478523e7a06d9cbb22ac, findElement {using=xpath, value=//input[@name='mobile']}]
Capabilities {acceptInsecureCerts: false, browserName: chrome, browserVersion: 121.0.6167.87, chrome: {chromedriverVersion: 121.0.6167.85 (3f98d690ad7e..., userDataDir: C:\chrome-profile-bn}, fedcm:accounts: true, goog:chromeOptions: {debuggerAddress: localhost:9223}, networkConnectionEnabled: false, pageLoadStrategy: normal, platformName: windows, proxy: Proxy(), se:cdp: ws://localhost:9223/devtool..., se:cdpVersion: 121.0.6167.87, setWindowRect: true, strictFileInteractability: false, timeouts: {implicit: 0, pageLoad: 300000, script: 30000}, unhandledPromptBehavior: dismiss and notify, webauthn:extension:credBlob: true, webauthn:extension:largeBlob: true, webauthn:extension:minPinLength: true, webauthn:extension:prf: true, webauthn:virtualAuthenticators: true}
Session ID: 06173b121a6f478523e7a06d9cbb22ac
at org.openqa.selenium.remote.codec.w3c.W3CHttpResponseCodec.createException(W3CHttpResponseCodec.java:185)
at org.openqa.selenium.remote.codec.w3c.W3CHttpResponseCodec.decode(W3CHttpResponseCodec.java:134)
at org.openqa.selenium.remote.codec.w3c.W3CHttpResponseCodec.decode(W3CHttpResponseCodec.java:51)
at org.openqa.selenium.remote.HttpCommandExecutor.execute(HttpCommandExecutor.java:190)
at org.openqa.selenium.remote.service.DriverCommandExecutor.invokeExecute(DriverCommandExecutor.java:216)
at org.openqa.selenium.remote.service.DriverCommandExecutor.execute(DriverCommandExecutor.java:174)
at org.openqa.selenium.remote.RemoteWebDriver.execute(RemoteWebDriver.java:519)
at org.openqa.selenium.remote.ElementLocation$ElementFinder$2.findElement(ElementLocation.java:165)
at org.openqa.selenium.remote.ElementLocation.findElement(ElementLocation.java:59)
at org.openqa.selenium.remote.RemoteWebDriver.findElement(RemoteWebDriver.java:356)
at org.openqa.selenium.remote.RemoteWebDriver.findElement(RemoteWebDriver.java:350)
at demoVTest.genric.baseclass.login(baseclass.java:50)
at java.base/java.util.ArrayList.forEach(ArrayList.java:1511)
... Removed 30 stack frames]]>
    </failure>
  </testcase> <!-- @BeforeClass login -->
  <testcase classname="demoVTest.genric.baseclass" name="@AfterClass logout" time="-1.707114186855E9">
    <skipped/>
  </testcase> <!-- @AfterClass logout -->
  <testcase classname="demoVTest.genric.baseclass" name="@BeforeClass login" time="0.001">
    <failure type="java.lang.NullPointerException" message="Cannot invoke &amp;quot;org.openqa.selenium.WebDriver.findElement(org.openqa.selenium.By)&amp;quot; because &amp;quot;this.driver&amp;quot; is null">
      <![CDATA[java.lang.NullPointerException: Cannot invoke "org.openqa.selenium.WebDriver.findElement(org.openqa.selenium.By)" because "this.driver" is null
at demoVTest.genric.baseclass.login(baseclass.java:50)
at java.base/java.util.ArrayList.forEach(ArrayList.java:1511)
... Removed 25 stack frames]]>
    </failure>
  </testcase> <!-- @BeforeClass login -->
  <testcase classname="demoVTest.genric.baseclass" name="@AfterClass logout" time="-1.70711418686E9">
    <skipped/>
  </testcase> <!-- @AfterClass logout -->
  <testcase classname="demoVTest.genric.baseclass" name="@BeforeClass login" time="0.001">
    <failure type="java.lang.NullPointerException" message="Cannot invoke &amp;quot;org.openqa.selenium.WebDriver.findElement(org.openqa.selenium.By)&amp;quot; because &amp;quot;this.driver&amp;quot; is null">
      <![CDATA[java.lang.NullPointerException: Cannot invoke "org.openqa.selenium.WebDriver.findElement(org.openqa.selenium.By)" because "this.driver" is null
at demoVTest.genric.baseclass.login(baseclass.java:50)
at java.base/java.util.ArrayList.forEach(ArrayList.java:1511)
... Removed 25 stack frames]]>
    </failure>
  </testcase> <!-- @BeforeClass login -->
  <testcase classname="demoVTest.genric.baseclass" name="@AfterClass logout" time="-1.707114186864E9">
    <skipped/>
  </testcase> <!-- @AfterClass logout -->
  <testcase classname="demoVTest.genric.baseclass" name="@BeforeClass login" time="0.002">
    <failure type="java.lang.NullPointerException" message="Cannot invoke &amp;quot;org.openqa.selenium.WebDriver.findElement(org.openqa.selenium.By)&amp;quot; because &amp;quot;this.driver&amp;quot; is null">
      <![CDATA[java.lang.NullPointerException: Cannot invoke "org.openqa.selenium.WebDriver.findElement(org.openqa.selenium.By)" because "this.driver" is null
at demoVTest.genric.baseclass.login(baseclass.java:50)
at java.base/java.util.ArrayList.forEach(ArrayList.java:1511)
... Removed 25 stack frames]]>
    </failure>
  </testcase> <!-- @BeforeClass login -->
  <testcase classname="demoVTest.genric.baseclass" name="@AfterClass logout" time="-1.707114186869E9">
    <skipped/>
  </testcase> <!-- @AfterClass logout -->
  <testcase classname="demoVTest.genric.baseclass" name="@BeforeClass login" time="0.0">
    <failure type="java.lang.NullPointerException" message="Cannot invoke &amp;quot;org.openqa.selenium.WebDriver.findElement(org.openqa.selenium.By)&amp;quot; because &amp;quot;this.driver&amp;quot; is null">
      <![CDATA[java.lang.NullPointerException: Cannot invoke "org.openqa.selenium.WebDriver.findElement(org.openqa.selenium.By)" because "this.driver" is null
at demoVTest.genric.baseclass.login(baseclass.java:50)
at java.base/java.util.ArrayList.forEach(ArrayList.java:1511)
... Removed 25 stack frames]]>
    </failure>
  </testcase> <!-- @BeforeClass login -->
  <testcase classname="demoVTest.genric.baseclass" name="@AfterClass logout" time="-1.707114186874E9">
    <skipped/>
  </testcase> <!-- @AfterClass logout -->
  <testcase classname="newVTdemo.testScripts.CompareScreenshot" name="compHomePageSS" time="0.0">
    <skipped/>
  </testcase> <!-- compHomePageSS -->
  <testcase classname="newVTdemo.testScripts.CompareScreenshot" name="createEnquiryPage" time="0.0">
    <skipped/>
  </testcase> <!-- createEnquiryPage -->
  <testcase classname="newVTdemo.testScripts.compareTest3" name="compMissedtaskPage" time="0.0">
    <skipped/>
  </testcase> <!-- compMissedtaskPage -->
  <testcase classname="newVTdemo.testScripts.compareTest2" name="compLanguagePage" time="0.0">
    <skipped/>
  </testcase> <!-- compLanguagePage -->
  <testcase classname="newVTdemo.testScripts.compareTest5" name="compFilterPage" time="0.0">
    <skipped/>
  </testcase> <!-- compFilterPage -->
  <testcase classname="newVTdemo.testScripts.compareTest4" name="createEnquiryPage" time="0.0">
    <skipped/>
  </testcase> <!-- createEnquiryPage -->
  <testcase classname="demoVTest.genric.baseclass" name="@AfterTest close_browser" time="0.0">
    <ignored/>
  </testcase> <!-- @AfterTest close_browser -->
  <testcase classname="demoVTest.genric.baseclass" name="@AfterTest close_browser" time="0.0">
    <ignored/>
  </testcase> <!-- @AfterTest close_browser -->
  <testcase classname="demoVTest.genric.baseclass" name="@AfterTest close_browser" time="0.0">
    <ignored/>
  </testcase> <!-- @AfterTest close_browser -->
  <testcase classname="demoVTest.genric.baseclass" name="@AfterTest close_browser" time="0.0">
    <ignored/>
  </testcase> <!-- @AfterTest close_browser -->
  <testcase classname="demoVTest.genric.baseclass" name="@BeforeTest open_browser" time="0.0">
    <ignored/>
  </testcase> <!-- @BeforeTest open_browser -->
  <testcase classname="demoVTest.genric.baseclass" name="@BeforeTest open_browser" time="0.0">
    <ignored/>
  </testcase> <!-- @BeforeTest open_browser -->
  <testcase classname="demoVTest.genric.baseclass" name="@BeforeTest open_browser" time="0.0">
    <ignored/>
  </testcase> <!-- @BeforeTest open_browser -->
  <testcase classname="demoVTest.genric.baseclass" name="@BeforeTest open_browser" time="0.0">
    <ignored/>
  </testcase> <!-- @BeforeTest open_browser -->
</testsuite> <!-- Test -->
